app/build/outputs/logs/manifest-merger-debug-report.txt
-- Merging decision tree log ---
provider#androidx.core.content.FileProvider
INJECTED from src\main\AndroidManifest.xml:48:9-58:20
	android:grantUriPermissions
		ADDED from src\main\AndroidManifest.xml:50:13-47
	android:authorities
		INJECTED from src\main\AndroidManifest.xml
		ADDED from src\main\AndroidManifest.xml:52:13-64
	android:exported
		ADDED from src\main\AndroidManifest.xml:51:13-37
	android:name
		ADDED from src\main\AndroidManifest.xml:49:13-62
manifest
ADDED from src\main\AndroidManifest.xml:3:1-133:12
INJECTED from src\main\AndroidManifest.xml:3:1-133:12
INJECTED from src\main\AndroidManifest.xml:3:1-133:12
INJECTED from src\main\AndroidManifest.xml:3:1-133:12
MERGED from [androidx.legacy:legacy-support-core-utils:1.0.0] AndroidManifest.xml:17:1-22:12
MERGED from [androidx.loader:loader:1.0.0] AndroidManifest.xml:17:1-22:12
MERGED from [androidx.core:core:1.0.0] AndroidManifest.xml:17:1-24:12
MERGED from [androidx.documentfile:documentfile:1.0.0] AndroidManifest.xml:17:1-22:12
MERGED from [androidx.localbroadcastmanager:localbroadcastmanager:1.0.0] AndroidManifest.xml:17:1-22:12
MERGED from [androidx.print:print:1.0.0] AndroidManifest.xml:17:1-22:12
MERGED from [androidx.versionedparcelable:versionedparcelable:1.0.0] AndroidManifest.xml:17:1-25:12
MERGED from [androidx.lifecycle:lifecycle-runtime:2.0.0] AndroidManifest.xml:17:1-22:12
MERGED from [androidx.lifecycle:lifecycle-viewmodel:2.0.0] AndroidManifest.xml:17:1-22:12
MERGED from [androidx.lifecycle:lifecycle-livedata:2.0.0] AndroidManifest.xml:17:1-22:12
MERGED from [androidx.lifecycle:lifecycle-livedata-core:2.0.0] AndroidManifest.xml:17:1-22:12
MERGED from [androidx.arch.core:core-runtime:2.0.0] AndroidManifest.xml:17:1-22:12
INJECTED from src\main\AndroidManifest.xml:3:1-133:12
INJECTED from src\main\AndroidManifest.xml:3:1-133:12
INJECTED from src\main\AndroidManifest.xml:3:1-133:12
	package
		ADDED from src\main\AndroidManifest.xml:4:5-40
		INJECTED from src\main\AndroidManifest.xml
		INJECTED from src\main\AndroidManifest.xml
	android:versionName
		INJECTED from src\main\AndroidManifest.xml
		ADDED from src\main\AndroidManifest.xml:3:1-133:12
		INJECTED from src\main\AndroidManifest.xml
	android:versionCode
		INJECTED from src\main\AndroidManifest.xml
		ADDED from src\main\AndroidManifest.xml:3:1-133:12
		INJECTED from src\main\AndroidManifest.xml
	xmlns:android
		ADDED from src\main\AndroidManifest.xml:3:11-69
uses-permission#android.permission.NFC
ADDED from src\main\AndroidManifest.xml:6:5-62
	android:name
		ADDED from src\main\AndroidManifest.xml:6:22-59
uses-permission#android.permission.WRITE_EXTERNAL_STORAGE
ADDED from src\main\AndroidManifest.xml:7:5-81
	android:name
		ADDED from src\main\AndroidManifest.xml:7:22-78
uses-feature#android.hardware.nfc
ADDED from src\main\AndroidManifest.xml:9:5-11:35
	android:required
		ADDED from src\main\AndroidManifest.xml:11:9-32
	android:name
		ADDED from src\main\AndroidManifest.xml:10:9-44
application
ADDED from src\main\AndroidManifest.xml:13:5-131:19
MERGED from [androidx.core:core:1.0.0] AndroidManifest.xml:22:5-89
MERGED from [androidx.core:core:1.0.0] AndroidManifest.xml:22:5-89
MERGED from [androidx.versionedparcelable:versionedparcelable:1.0.0] AndroidManifest.xml:22:5-23:19
MERGED from [androidx.versionedparcelable:versionedparcelable:1.0.0] AndroidManifest.xml:22:5-23:19
	android:appComponentFactory
		ADDED from [androidx.core:core:1.0.0] AndroidManifest.xml:22:18-86
	android:label
		ADDED from src\main\AndroidManifest.xml:16:9-41
	android:allowBackup
		ADDED from src\main\AndroidManifest.xml:15:9-36
	android:theme
		ADDED from src\main\AndroidManifest.xml:17:9-40
	android:name
		ADDED from src\main\AndroidManifest.xml:14:9-56
activity#de.syss.MifareClassicTool.Activities.MainMenu
ADDED from src\main\AndroidManifest.xml:20:9-30:20
	android:label
		ADDED from src\main\AndroidManifest.xml:23:13-56
	android:launchMode
		ADDED from src\main\AndroidManifest.xml:24:13-43
	android:configChanges
		ADDED from src\main\AndroidManifest.xml:22:13-59
	android:name
		ADDED from src\main\AndroidManifest.xml:21:13-73
intent-filter#action:name:android.intent.action.MAIN+category:name:android.intent.category.LAUNCHER
ADDED from src\main\AndroidManifest.xml:25:13-29:29
action#android.intent.action.MAIN
ADDED from src\main\AndroidManifest.xml:26:17-69
	android:name
		ADDED from src\main\AndroidManifest.xml:26:25-66
category#android.intent.category.LAUNCHER
ADDED from src\main\AndroidManifest.xml:28:17-77
	android:name
		ADDED from src\main\AndroidManifest.xml:28:27-74
activity-alias#de.syss.MifareClassicTool.MainMenuAlias
ADDED from src\main\AndroidManifest.xml:32:9-45:26
	android:label
		ADDED from src\main\AndroidManifest.xml:35:13-56
	android:launchMode
		ADDED from src\main\AndroidManifest.xml:36:13-43
	android:targetActivity
		ADDED from src\main\AndroidManifest.xml:33:13-83
	android:name
		ADDED from src\main\AndroidManifest.xml:34:13-42
intent-filter#action:name:android.nfc.action.TECH_DISCOVERED
ADDED from src\main\AndroidManifest.xml:39:13-41:29
action#android.nfc.action.TECH_DISCOVERED
ADDED from src\main\AndroidManifest.xml:40:17-77
	android:name
		ADDED from src\main\AndroidManifest.xml:40:25-74
meta-data#android.nfc.action.TECH_DISCOVERED
ADDED from src\main\AndroidManifest.xml:42:13-44:59
	android:resource
		ADDED from src\main\AndroidManifest.xml:44:17-56
	android:name
		ADDED from src\main\AndroidManifest.xml:43:17-66
activity#de.syss.MifareClassicTool.Activities.KeyMapCreator
ADDED from src\main\AndroidManifest.xml:61:9-65:20
	android:label
		ADDED from src\main\AndroidManifest.xml:64:13-66
	android:configChanges
		ADDED from src\main\AndroidManifest.xml:63:13-74
	android:name
		ADDED from src\main\AndroidManifest.xml:62:13-78
activity#de.syss.MifareClassicTool.Activities.DumpEditor
ADDED from src\main\AndroidManifest.xml:66:9-70:20
	android:label
		ADDED from src\main\AndroidManifest.xml:69:13-63
	android:configChanges
		ADDED from src\main\AndroidManifest.xml:68:13-74
	android:name
		ADDED from src\main\AndroidManifest.xml:67:13-75
activity#de.syss.MifareClassicTool.Activities.FileChooser
ADDED from src\main\AndroidManifest.xml:71:9-74:20
	android:label
		ADDED from src\main\AndroidManifest.xml:73:13-64
	android:name
		ADDED from src\main\AndroidManifest.xml:72:13-76
activity#de.syss.MifareClassicTool.Activities.AccessConditionDecoder
ADDED from src\main\AndroidManifest.xml:75:9-79:20
	android:label
		ADDED from src\main\AndroidManifest.xml:78:13-69
	android:configChanges
		ADDED from src\main\AndroidManifest.xml:77:13-59
	android:name
		ADDED from src\main\AndroidManifest.xml:76:13-87
activity#de.syss.MifareClassicTool.Activities.ValueBlocksToInt
ADDED from src\main\AndroidManifest.xml:80:9-84:20
	android:label
		ADDED from src\main\AndroidManifest.xml:83:13-64
	android:configChanges
		ADDED from src\main\AndroidManifest.xml:82:13-59
	android:name
		ADDED from src\main\AndroidManifest.xml:81:13-81
activity#de.syss.MifareClassicTool.Activities.WriteTag
ADDED from src\main\AndroidManifest.xml:85:9-89:20
	android:label
		ADDED from src\main\AndroidManifest.xml:88:13-61
	android:configChanges
		ADDED from src\main\AndroidManifest.xml:87:13-74
	android:name
		ADDED from src\main\AndroidManifest.xml:86:13-73
activity#de.syss.MifareClassicTool.Activities.ReadTag
ADDED from src\main\AndroidManifest.xml:90:9-94:20
	android:label
		ADDED from src\main\AndroidManifest.xml:93:13-60
	android:configChanges
		ADDED from src\main\AndroidManifest.xml:92:13-74
	android:name
		ADDED from src\main\AndroidManifest.xml:91:13-72
activity#de.syss.MifareClassicTool.Activities.KeyEditor
ADDED from src\main\AndroidManifest.xml:95:9-99:20
	android:label
		ADDED from src\main\AndroidManifest.xml:98:13-62
	android:configChanges
		ADDED from src\main\AndroidManifest.xml:97:13-74
	android:name
		ADDED from src\main\AndroidManifest.xml:96:13-74
activity#de.syss.MifareClassicTool.Activities.HexToAscii
ADDED from src\main\AndroidManifest.xml:100:9-104:20
	android:label
		ADDED from src\main\AndroidManifest.xml:103:13-64
	android:configChanges
		ADDED from src\main\AndroidManifest.xml:102:13-59
	android:name
		ADDED from src\main\AndroidManifest.xml:101:13-75
activity#de.syss.MifareClassicTool.Activities.TagInfoTool
ADDED from src\main\AndroidManifest.xml:105:9-109:20
	android:label
		ADDED from src\main\AndroidManifest.xml:108:13-60
	android:configChanges
		ADDED from src\main\AndroidManifest.xml:107:13-59
	android:name
		ADDED from src\main\AndroidManifest.xml:106:13-76
activity#de.syss.MifareClassicTool.Activities.ValueBlockTool
ADDED from src\main\AndroidManifest.xml:110:9-114:20
	android:label
		ADDED from src\main\AndroidManifest.xml:113:13-68
	android:configChanges
		ADDED from src\main\AndroidManifest.xml:112:13-59
	android:name
		ADDED from src\main\AndroidManifest.xml:111:13-79
activity#de.syss.MifareClassicTool.Activities.AccessConditionTool
ADDED from src\main\AndroidManifest.xml:115:9-119:20
	android:label
		ADDED from src\main\AndroidManifest.xml:118:13-73
	android:configChanges
		ADDED from src\main\AndroidManifest.xml:117:13-59
	android:name
		ADDED from src\main\AndroidManifest.xml:116:13-84
activity#de.syss.MifareClassicTool.Activities.Preferences
ADDED from src\main\AndroidManifest.xml:120:9-124:20
	android:label
		ADDED from src\main\AndroidManifest.xml:123:13-63
	android:configChanges
		ADDED from src\main\AndroidManifest.xml:122:13-59
	android:name
		ADDED from src\main\AndroidManifest.xml:121:13-76
activity#de.syss.MifareClassicTool.Activities.DiffTool
ADDED from src\main\AndroidManifest.xml:125:9-129:20
	android:label
		ADDED from src\main\AndroidManifest.xml:128:13-61
	android:configChanges
		ADDED from src\main\AndroidManifest.xml:127:13-59
	android:name
		ADDED from src\main\AndroidManifest.xml:126:13-73
uses-sdk
INJECTED from src\main\AndroidManifest.xml reason: use-sdk injection requested
INJECTED from src\main\AndroidManifest.xml
INJECTED from src\main\AndroidManifest.xml
MERGED from [androidx.legacy:legacy-support-core-utils:1.0.0] AndroidManifest.xml:20:5-44
MERGED from [androidx.legacy:legacy-support-core-utils:1.0.0] AndroidManifest.xml:20:5-44
MERGED from [androidx.loader:loader:1.0.0] AndroidManifest.xml:20:5-44
MERGED from [androidx.loader:loader:1.0.0] AndroidManifest.xml:20:5-44
MERGED from [androidx.core:core:1.0.0] AndroidManifest.xml:20:5-44
MERGED from [androidx.core:core:1.0.0] AndroidManifest.xml:20:5-44
MERGED from [androidx.documentfile:documentfile:1.0.0] AndroidManifest.xml:20:5-44
MERGED from [androidx.documentfile:documentfile:1.0.0] AndroidManifest.xml:20:5-44
MERGED from [androidx.localbroadcastmanager:localbroadcastmanager:1.0.0] AndroidManifest.xml:20:5-44
MERGED from [androidx.localbroadcastmanager:localbroadcastmanager:1.0.0] AndroidManifest.xml:20:5-44
MERGED from [androidx.print:print:1.0.0] AndroidManifest.xml:20:5-44
MERGED from [androidx.print:print:1.0.0] AndroidManifest.xml:20:5-44
MERGED from [androidx.versionedparcelable:versionedparcelable:1.0.0] AndroidManifest.xml:20:5-44
MERGED from [androidx.versionedparcelable:versionedparcelable:1.0.0] AndroidManifest.xml:20:5-44
MERGED from [androidx.lifecycle:lifecycle-runtime:2.0.0] AndroidManifest.xml:20:5-44
MERGED from [androidx.lifecycle:lifecycle-runtime:2.0.0] AndroidManifest.xml:20:5-44
MERGED from [androidx.lifecycle:lifecycle-viewmodel:2.0.0] AndroidManifest.xml:20:5-44
MERGED from [androidx.lifecycle:lifecycle-viewmodel:2.0.0] AndroidManifest.xml:20:5-44
MERGED from [androidx.lifecycle:lifecycle-livedata:2.0.0] AndroidManifest.xml:20:5-44
MERGED from [androidx.lifecycle:lifecycle-livedata:2.0.0] AndroidManifest.xml:20:5-44
MERGED from [androidx.lifecycle:lifecycle-livedata-core:2.0.0] AndroidManifest.xml:20:5-44
MERGED from [androidx.lifecycle:lifecycle-livedata-core:2.0.0] AndroidManifest.xml:20:5-44
MERGED from [androidx.arch.core:core-runtime:2.0.0] AndroidManifest.xml:20:5-44
MERGED from [androidx.arch.core:core-runtime:2.0.0] AndroidManifest.xml:20:5-44
INJECTED from src\main\AndroidManifest.xml
INJECTED from src\main\AndroidManifest.xml
	android:targetSdkVersion
		INJECTED from src\main\AndroidManifest.xml
		ADDED from src\main\AndroidManifest.xml
		INJECTED from src\main\AndroidManifest.xml
	android:minSdkVersion
		INJECTED from src\main\AndroidManifest.xml
		ADDED from src\main\AndroidManifest.xml
		INJECTED from src\main\AndroidManifest.xml
meta-data#android.support.FILE_PROVIDER_PATHS
ADDED from src\main\AndroidManifest.xml:54:13-56:62
	android:resource
		ADDED from src\main\AndroidManifest.xml:56:17-60
	android:name
		ADDED from src\main\AndroidManifest.xml:55:17-67